17 lis 2022 11:52:03 [DEBUG] [org.hibernate.type.BasicTypeRegistry:157] Adding type registration boolean -> org.hibernate.type.BooleanType@19fb8826
17 lis 2022 11:52:03 [DEBUG] [org.hibernate.type.BasicTypeRegistry:157] Adding type registration boolean -> org.hibernate.type.BooleanType@19fb8826
17 lis 2022 11:52:03 [DEBUG] [org.hibernate.type.BasicTypeRegistry:157] Adding type registration java.lang.Boolean -> org.hibernate.type.BooleanType@19fb8826
17 lis 2022 11:52:03 [DEBUG] [org.hibernate.type.BasicTypeRegistry:157] Adding type registration numeric_boolean -> org.hibernate.type.NumericBooleanType@3b220bcb
17 lis 2022 11:52:03 [DEBUG] [org.hibernate.type.BasicTypeRegistry:157] Adding type registration true_false -> org.hibernate.type.TrueFalseType@160ac7fb
17 lis 2022 11:52:03 [DEBUG] [org.hibernate.type.BasicTypeRegistry:157] Adding type registration yes_no -> org.hibernate.type.YesNoType@5316e95f
17 lis 2022 11:52:03 [DEBUG] [org.hibernate.type.BasicTypeRegistry:157] Adding type registration byte -> org.hibernate.type.ByteType@3b956878
17 lis 2022 11:52:03 [DEBUG] [org.hibernate.type.BasicTypeRegistry:157] Adding type registration byte -> org.hibernate.type.ByteType@3b956878
17 lis 2022 11:52:03 [DEBUG] [org.hibernate.type.BasicTypeRegistry:157] Adding type registration java.lang.Byte -> org.hibernate.type.ByteType@3b956878
17 lis 2022 11:52:04 [DEBUG] [org.hibernate.type.BasicTypeRegistry:157] Adding type registration character -> org.hibernate.type.CharacterType@388ba540
17 lis 2022 11:52:04 [DEBUG] [org.hibernate.type.BasicTypeRegistry:157] Adding type registration char -> org.hibernate.type.CharacterType@388ba540
17 lis 2022 11:52:04 [DEBUG] [org.hibernate.type.BasicTypeRegistry:157] Adding type registration java.lang.Character -> org.hibernate.type.CharacterType@388ba540
17 lis 2022 11:52:04 [DEBUG] [org.hibernate.type.BasicTypeRegistry:157] Adding type registration short -> org.hibernate.type.ShortType@7be58f16
17 lis 2022 11:52:04 [DEBUG] [org.hibernate.type.BasicTypeRegistry:157] Adding type registration short -> org.hibernate.type.ShortType@7be58f16
17 lis 2022 11:52:04 [DEBUG] [org.hibernate.type.BasicTypeRegistry:157] Adding type registration java.lang.Short -> org.hibernate.type.ShortType@7be58f16
17 lis 2022 11:52:04 [DEBUG] [org.hibernate.type.BasicTypeRegistry:157] Adding type registration integer -> org.hibernate.type.IntegerType@1b065145
17 lis 2022 11:52:04 [DEBUG] [org.hibernate.type.BasicTypeRegistry:157] Adding type registration int -> org.hibernate.type.IntegerType@1b065145
17 lis 2022 11:52:04 [DEBUG] [org.hibernate.type.BasicTypeRegistry:157] Adding type registration java.lang.Integer -> org.hibernate.type.IntegerType@1b065145
17 lis 2022 11:52:04 [DEBUG] [org.hibernate.type.BasicTypeRegistry:157] Adding type registration long -> org.hibernate.type.LongType@5b057c8c
17 lis 2022 11:52:04 [DEBUG] [org.hibernate.type.BasicTypeRegistry:157] Adding type registration long -> org.hibernate.type.LongType@5b057c8c
17 lis 2022 11:52:04 [DEBUG] [org.hibernate.type.BasicTypeRegistry:157] Adding type registration java.lang.Long -> org.hibernate.type.LongType@5b057c8c
17 lis 2022 11:52:04 [DEBUG] [org.hibernate.type.BasicTypeRegistry:157] Adding type registration float -> org.hibernate.type.FloatType@1e1d3956
17 lis 2022 11:52:04 [DEBUG] [org.hibernate.type.BasicTypeRegistry:157] Adding type registration float -> org.hibernate.type.FloatType@1e1d3956
17 lis 2022 11:52:04 [DEBUG] [org.hibernate.type.BasicTypeRegistry:157] Adding type registration java.lang.Float -> org.hibernate.type.FloatType@1e1d3956
17 lis 2022 11:52:04 [DEBUG] [org.hibernate.type.BasicTypeRegistry:157] Adding type registration double -> org.hibernate.type.DoubleType@73db4768
17 lis 2022 11:52:04 [DEBUG] [org.hibernate.type.BasicTypeRegistry:157] Adding type registration double -> org.hibernate.type.DoubleType@73db4768
17 lis 2022 11:52:04 [DEBUG] [org.hibernate.type.BasicTypeRegistry:157] Adding type registration java.lang.Double -> org.hibernate.type.DoubleType@73db4768
17 lis 2022 11:52:04 [DEBUG] [org.hibernate.type.BasicTypeRegistry:157] Adding type registration big_decimal -> org.hibernate.type.BigDecimalType@7a8fa663
17 lis 2022 11:52:04 [DEBUG] [org.hibernate.type.BasicTypeRegistry:157] Adding type registration java.math.BigDecimal -> org.hibernate.type.BigDecimalType@7a8fa663
17 lis 2022 11:52:04 [DEBUG] [org.hibernate.type.BasicTypeRegistry:157] Adding type registration big_integer -> org.hibernate.type.BigIntegerType@485a3466
17 lis 2022 11:52:04 [DEBUG] [org.hibernate.type.BasicTypeRegistry:157] Adding type registration java.math.BigInteger -> org.hibernate.type.BigIntegerType@485a3466
17 lis 2022 11:52:04 [DEBUG] [org.hibernate.type.BasicTypeRegistry:157] Adding type registration string -> org.hibernate.type.StringType@c260bdc
17 lis 2022 11:52:04 [DEBUG] [org.hibernate.type.BasicTypeRegistry:157] Adding type registration java.lang.String -> org.hibernate.type.StringType@c260bdc
17 lis 2022 11:52:04 [DEBUG] [org.hibernate.type.BasicTypeRegistry:157] Adding type registration nstring -> org.hibernate.type.StringNVarcharType@4a335fa8
17 lis 2022 11:52:04 [DEBUG] [org.hibernate.type.BasicTypeRegistry:157] Adding type registration ncharacter -> org.hibernate.type.CharacterNCharType@1bb1fde8
17 lis 2022 11:52:04 [DEBUG] [org.hibernate.type.BasicTypeRegistry:157] Adding type registration url -> org.hibernate.type.UrlType@553f1d75
17 lis 2022 11:52:04 [DEBUG] [org.hibernate.type.BasicTypeRegistry:157] Adding type registration java.net.URL -> org.hibernate.type.UrlType@553f1d75
17 lis 2022 11:52:04 [DEBUG] [org.hibernate.type.BasicTypeRegistry:157] Adding type registration Duration -> org.hibernate.type.DurationType@47404bea
17 lis 2022 11:52:04 [DEBUG] [org.hibernate.type.BasicTypeRegistry:157] Adding type registration java.time.Duration -> org.hibernate.type.DurationType@47404bea
17 lis 2022 11:52:04 [DEBUG] [org.hibernate.type.BasicTypeRegistry:157] Adding type registration Instant -> org.hibernate.type.InstantType@74cadd41
17 lis 2022 11:52:04 [DEBUG] [org.hibernate.type.BasicTypeRegistry:157] Adding type registration java.time.Instant -> org.hibernate.type.InstantType@74cadd41
17 lis 2022 11:52:04 [DEBUG] [org.hibernate.type.BasicTypeRegistry:157] Adding type registration LocalDateTime -> org.hibernate.type.LocalDateTimeType@878452d
17 lis 2022 11:52:04 [DEBUG] [org.hibernate.type.BasicTypeRegistry:157] Adding type registration java.time.LocalDateTime -> org.hibernate.type.LocalDateTimeType@878452d
17 lis 2022 11:52:04 [DEBUG] [org.hibernate.type.BasicTypeRegistry:157] Adding type registration LocalDate -> org.hibernate.type.LocalDateType@6b54655f
17 lis 2022 11:52:04 [DEBUG] [org.hibernate.type.BasicTypeRegistry:157] Adding type registration java.time.LocalDate -> org.hibernate.type.LocalDateType@6b54655f
17 lis 2022 11:52:04 [DEBUG] [org.hibernate.type.BasicTypeRegistry:157] Adding type registration LocalTime -> org.hibernate.type.LocalTimeType@71984c3
17 lis 2022 11:52:04 [DEBUG] [org.hibernate.type.BasicTypeRegistry:157] Adding type registration java.time.LocalTime -> org.hibernate.type.LocalTimeType@71984c3
17 lis 2022 11:52:04 [DEBUG] [org.hibernate.type.BasicTypeRegistry:157] Adding type registration OffsetDateTime -> org.hibernate.type.OffsetDateTimeType@1bc715b8
17 lis 2022 11:52:04 [DEBUG] [org.hibernate.type.BasicTypeRegistry:157] Adding type registration java.time.OffsetDateTime -> org.hibernate.type.OffsetDateTimeType@1bc715b8
17 lis 2022 11:52:04 [DEBUG] [org.hibernate.type.BasicTypeRegistry:157] Adding type registration OffsetTime -> org.hibernate.type.OffsetTimeType@63192798
17 lis 2022 11:52:04 [DEBUG] [org.hibernate.type.BasicTypeRegistry:157] Adding type registration java.time.OffsetTime -> org.hibernate.type.OffsetTimeType@63192798
17 lis 2022 11:52:04 [DEBUG] [org.hibernate.type.BasicTypeRegistry:157] Adding type registration ZonedDateTime -> org.hibernate.type.ZonedDateTimeType@34a97744
17 lis 2022 11:52:04 [DEBUG] [org.hibernate.type.BasicTypeRegistry:157] Adding type registration java.time.ZonedDateTime -> org.hibernate.type.ZonedDateTimeType@34a97744
17 lis 2022 11:52:04 [DEBUG] [org.hibernate.type.BasicTypeRegistry:157] Adding type registration date -> org.hibernate.type.DateType@73c60324
17 lis 2022 11:52:04 [DEBUG] [org.hibernate.type.BasicTypeRegistry:157] Adding type registration java.sql.Date -> org.hibernate.type.DateType@73c60324
17 lis 2022 11:52:04 [DEBUG] [org.hibernate.type.BasicTypeRegistry:157] Adding type registration time -> org.hibernate.type.TimeType@6a66a204
17 lis 2022 11:52:04 [DEBUG] [org.hibernate.type.BasicTypeRegistry:157] Adding type registration java.sql.Time -> org.hibernate.type.TimeType@6a66a204
17 lis 2022 11:52:04 [DEBUG] [org.hibernate.type.BasicTypeRegistry:157] Adding type registration timestamp -> org.hibernate.type.TimestampType@34625ccd
17 lis 2022 11:52:04 [DEBUG] [org.hibernate.type.BasicTypeRegistry:157] Adding type registration java.sql.Timestamp -> org.hibernate.type.TimestampType@34625ccd
17 lis 2022 11:52:04 [DEBUG] [org.hibernate.type.BasicTypeRegistry:157] Adding type registration java.util.Date -> org.hibernate.type.TimestampType@34625ccd
17 lis 2022 11:52:04 [DEBUG] [org.hibernate.type.BasicTypeRegistry:157] Adding type registration dbtimestamp -> org.hibernate.type.DbTimestampType@419a20a6
17 lis 2022 11:52:04 [DEBUG] [org.hibernate.type.BasicTypeRegistry:157] Adding type registration calendar -> org.hibernate.type.CalendarType@58670130
17 lis 2022 11:52:04 [DEBUG] [org.hibernate.type.BasicTypeRegistry:157] Adding type registration java.util.Calendar -> org.hibernate.type.CalendarType@58670130
17 lis 2022 11:52:04 [DEBUG] [org.hibernate.type.BasicTypeRegistry:157] Adding type registration java.util.GregorianCalendar -> org.hibernate.type.CalendarType@58670130
17 lis 2022 11:52:04 [DEBUG] [org.hibernate.type.BasicTypeRegistry:157] Adding type registration calendar_date -> org.hibernate.type.CalendarDateType@6e4de19b
17 lis 2022 11:52:04 [DEBUG] [org.hibernate.type.BasicTypeRegistry:157] Adding type registration calendar_time -> org.hibernate.type.CalendarTimeType@10650953
17 lis 2022 11:52:04 [DEBUG] [org.hibernate.type.BasicTypeRegistry:157] Adding type registration locale -> org.hibernate.type.LocaleType@7db82169
17 lis 2022 11:52:04 [DEBUG] [org.hibernate.type.BasicTypeRegistry:157] Adding type registration java.util.Locale -> org.hibernate.type.LocaleType@7db82169
17 lis 2022 11:52:04 [DEBUG] [org.hibernate.type.BasicTypeRegistry:157] Adding type registration currency -> org.hibernate.type.CurrencyType@21d8bcbe
17 lis 2022 11:52:04 [DEBUG] [org.hibernate.type.BasicTypeRegistry:157] Adding type registration java.util.Currency -> org.hibernate.type.CurrencyType@21d8bcbe
17 lis 2022 11:52:04 [DEBUG] [org.hibernate.type.BasicTypeRegistry:157] Adding type registration timezone -> org.hibernate.type.TimeZoneType@72a85671
17 lis 2022 11:52:04 [DEBUG] [org.hibernate.type.BasicTypeRegistry:157] Adding type registration java.util.TimeZone -> org.hibernate.type.TimeZoneType@72a85671
17 lis 2022 11:52:04 [DEBUG] [org.hibernate.type.BasicTypeRegistry:157] Adding type registration class -> org.hibernate.type.ClassType@5049d8b2
17 lis 2022 11:52:04 [DEBUG] [org.hibernate.type.BasicTypeRegistry:157] Adding type registration java.lang.Class -> org.hibernate.type.ClassType@5049d8b2
17 lis 2022 11:52:04 [DEBUG] [org.hibernate.type.BasicTypeRegistry:157] Adding type registration uuid-binary -> org.hibernate.type.UUIDBinaryType@1643d68f
17 lis 2022 11:52:04 [DEBUG] [org.hibernate.type.BasicTypeRegistry:157] Adding type registration java.util.UUID -> org.hibernate.type.UUIDBinaryType@1643d68f
17 lis 2022 11:52:04 [DEBUG] [org.hibernate.type.BasicTypeRegistry:157] Adding type registration uuid-char -> org.hibernate.type.UUIDCharType@4052274f
17 lis 2022 11:52:04 [DEBUG] [org.hibernate.type.BasicTypeRegistry:157] Adding type registration binary -> org.hibernate.type.BinaryType@62e70ea3
17 lis 2022 11:52:04 [DEBUG] [org.hibernate.type.BasicTypeRegistry:157] Adding type registration byte[] -> org.hibernate.type.BinaryType@62e70ea3
17 lis 2022 11:52:04 [DEBUG] [org.hibernate.type.BasicTypeRegistry:157] Adding type registration [B -> org.hibernate.type.BinaryType@62e70ea3
17 lis 2022 11:52:04 [DEBUG] [org.hibernate.type.BasicTypeRegistry:157] Adding type registration wrapper-binary -> org.hibernate.type.WrapperBinaryType@45be7cd5
17 lis 2022 11:52:04 [DEBUG] [org.hibernate.type.BasicTypeRegistry:157] Adding type registration Byte[] -> org.hibernate.type.WrapperBinaryType@45be7cd5
17 lis 2022 11:52:04 [DEBUG] [org.hibernate.type.BasicTypeRegistry:157] Adding type registration [Ljava.lang.Byte; -> org.hibernate.type.WrapperBinaryType@45be7cd5
17 lis 2022 11:52:04 [DEBUG] [org.hibernate.type.BasicTypeRegistry:157] Adding type registration row_version -> org.hibernate.type.RowVersionType@64beebb7
17 lis 2022 11:52:04 [DEBUG] [org.hibernate.type.BasicTypeRegistry:157] Adding type registration image -> org.hibernate.type.ImageType@32f0fba8
17 lis 2022 11:52:04 [DEBUG] [org.hibernate.type.BasicTypeRegistry:157] Adding type registration characters -> org.hibernate.type.CharArrayType@61526469
17 lis 2022 11:52:04 [DEBUG] [org.hibernate.type.BasicTypeRegistry:157] Adding type registration char[] -> org.hibernate.type.CharArrayType@61526469
17 lis 2022 11:52:04 [DEBUG] [org.hibernate.type.BasicTypeRegistry:157] Adding type registration [C -> org.hibernate.type.CharArrayType@61526469
17 lis 2022 11:52:04 [DEBUG] [org.hibernate.type.BasicTypeRegistry:157] Adding type registration wrapper-characters -> org.hibernate.type.CharacterArrayType@7e985ce9
17 lis 2022 11:52:04 [DEBUG] [org.hibernate.type.BasicTypeRegistry:157] Adding type registration [Ljava.lang.Character; -> org.hibernate.type.CharacterArrayType@7e985ce9
17 lis 2022 11:52:04 [DEBUG] [org.hibernate.type.BasicTypeRegistry:157] Adding type registration Character[] -> org.hibernate.type.CharacterArrayType@7e985ce9
17 lis 2022 11:52:04 [DEBUG] [org.hibernate.type.BasicTypeRegistry:157] Adding type registration text -> org.hibernate.type.TextType@d5ae57e
17 lis 2022 11:52:04 [DEBUG] [org.hibernate.type.BasicTypeRegistry:157] Adding type registration ntext -> org.hibernate.type.NTextType@592e843a
17 lis 2022 11:52:04 [DEBUG] [org.hibernate.type.BasicTypeRegistry:157] Adding type registration blob -> org.hibernate.type.BlobType@44c79f32
17 lis 2022 11:52:04 [DEBUG] [org.hibernate.type.BasicTypeRegistry:157] Adding type registration java.sql.Blob -> org.hibernate.type.BlobType@44c79f32
17 lis 2022 11:52:04 [DEBUG] [org.hibernate.type.BasicTypeRegistry:157] Adding type registration materialized_blob -> org.hibernate.type.MaterializedBlobType@c7a975a
17 lis 2022 11:52:04 [DEBUG] [org.hibernate.type.BasicTypeRegistry:157] Adding type registration clob -> org.hibernate.type.ClobType@4fad94a7
17 lis 2022 11:52:04 [DEBUG] [org.hibernate.type.BasicTypeRegistry:157] Adding type registration java.sql.Clob -> org.hibernate.type.ClobType@4fad94a7
17 lis 2022 11:52:04 [DEBUG] [org.hibernate.type.BasicTypeRegistry:157] Adding type registration nclob -> org.hibernate.type.NClobType@72bd06ca
17 lis 2022 11:52:04 [DEBUG] [org.hibernate.type.BasicTypeRegistry:157] Adding type registration java.sql.NClob -> org.hibernate.type.NClobType@72bd06ca
17 lis 2022 11:52:04 [DEBUG] [org.hibernate.type.BasicTypeRegistry:157] Adding type registration materialized_clob -> org.hibernate.type.MaterializedClobType@55795845
17 lis 2022 11:52:04 [DEBUG] [org.hibernate.type.BasicTypeRegistry:157] Adding type registration materialized_nclob -> org.hibernate.type.MaterializedNClobType@5b970f7
17 lis 2022 11:52:04 [DEBUG] [org.hibernate.type.BasicTypeRegistry:157] Adding type registration serializable -> org.hibernate.type.SerializableType@2cf92cc7
17 lis 2022 11:52:04 [DEBUG] [org.hibernate.type.BasicTypeRegistry:157] Adding type registration object -> org.hibernate.type.ObjectType@2289aca5
17 lis 2022 11:52:04 [DEBUG] [org.hibernate.type.BasicTypeRegistry:157] Adding type registration java.lang.Object -> org.hibernate.type.ObjectType@2289aca5
17 lis 2022 11:52:04 [DEBUG] [org.hibernate.type.BasicTypeRegistry:157] Adding type registration imm_date -> org.hibernate.type.AdaptedImmutableType@6ffab045
17 lis 2022 11:52:04 [DEBUG] [org.hibernate.type.BasicTypeRegistry:157] Adding type registration imm_time -> org.hibernate.type.AdaptedImmutableType@26fb628
17 lis 2022 11:52:04 [DEBUG] [org.hibernate.type.BasicTypeRegistry:157] Adding type registration imm_timestamp -> org.hibernate.type.AdaptedImmutableType@3e2943ab
17 lis 2022 11:52:04 [DEBUG] [org.hibernate.type.BasicTypeRegistry:157] Adding type registration imm_dbtimestamp -> org.hibernate.type.AdaptedImmutableType@70dd7e15
17 lis 2022 11:52:04 [DEBUG] [org.hibernate.type.BasicTypeRegistry:157] Adding type registration imm_calendar -> org.hibernate.type.AdaptedImmutableType@4a9f80d3
17 lis 2022 11:52:04 [DEBUG] [org.hibernate.type.BasicTypeRegistry:157] Adding type registration imm_calendar_date -> org.hibernate.type.AdaptedImmutableType@35beb15e
17 lis 2022 11:52:04 [DEBUG] [org.hibernate.type.BasicTypeRegistry:157] Adding type registration imm_binary -> org.hibernate.type.AdaptedImmutableType@41fe9859
17 lis 2022 11:52:04 [DEBUG] [org.hibernate.type.BasicTypeRegistry:157] Adding type registration imm_serializable -> org.hibernate.type.AdaptedImmutableType@5ac86ba5
17 lis 2022 11:52:05 [DEBUG] [org.hibernate.type.spi.TypeConfiguration$Scope:152] Scoping TypeConfiguration [org.hibernate.type.spi.TypeConfiguration@c446b14] to MetadataBuildingContext [org.hibernate.boot.internal.MetadataBuildingContextRootImpl@3af356f]
17 lis 2022 11:52:05 [DEBUG] [org.hibernate.type.spi.TypeConfiguration$Scope:157] Scoping TypeConfiguration [org.hibernate.type.spi.TypeConfiguration@c446b14] to SessionFactoryImpl [org.hibernate.internal.SessionFactoryImpl@670d4d38]
17 lis 2022 11:52:07 [TRACE] [org.hibernate.type.spi.TypeConfiguration$Scope:205] Handling #sessionFactoryCreated from [org.hibernate.internal.SessionFactoryImpl@670d4d38] for TypeConfiguration
17 lis 2022 11:52:07 [TRACE] [org.hibernate.type.descriptor.sql.BasicBinder:64] binding parameter [1] as [VARCHAR] - [First journey to Mars from Earth.]
17 lis 2022 11:52:07 [TRACE] [org.hibernate.type.descriptor.sql.BasicBinder:64] binding parameter [2] as [VARCHAR] - [Mars]
17 lis 2022 11:52:07 [TRACE] [org.hibernate.type.descriptor.sql.BasicBinder:64] binding parameter [1] as [VARCHAR] - [Transport flight from New York to Moscow.]
17 lis 2022 11:52:07 [TRACE] [org.hibernate.type.descriptor.sql.BasicBinder:64] binding parameter [2] as [VARCHAR] - [Moscow]
17 lis 2022 11:52:07 [TRACE] [org.hibernate.type.descriptor.sql.BasicBinder:64] binding parameter [1] as [INTEGER] - [2]
17 lis 2022 11:52:07 [TRACE] [org.hibernate.type.descriptor.sql.BasicBinder:64] binding parameter [1] as [VARCHAR] - [Tomato soup]
17 lis 2022 11:52:07 [TRACE] [org.hibernate.type.descriptor.sql.BasicBinder:64] binding parameter [2] as [VARCHAR] - [food]
17 lis 2022 11:52:07 [TRACE] [org.hibernate.type.descriptor.sql.BasicBinder:64] binding parameter [1] as [VARCHAR] - [Noodle soup]
17 lis 2022 11:52:07 [TRACE] [org.hibernate.type.descriptor.sql.BasicBinder:64] binding parameter [2] as [VARCHAR] - [food]
17 lis 2022 11:52:07 [TRACE] [org.hibernate.type.descriptor.sql.BasicBinder:64] binding parameter [1] as [VARCHAR] - [Transport flight from New York to Moscow.]
17 lis 2022 11:52:07 [TRACE] [org.hibernate.type.descriptor.sql.BasicBinder:64] binding parameter [2] as [VARCHAR] - [Moscow]
17 lis 2022 11:52:07 [TRACE] [org.hibernate.type.descriptor.sql.BasicBinder:64] binding parameter [1] as [INTEGER] - [3]
17 lis 2022 11:52:07 [TRACE] [org.hibernate.type.descriptor.sql.BasicBinder:64] binding parameter [1] as [VARCHAR] - [Bring swords from armory.]
17 lis 2022 11:52:07 [TRACE] [org.hibernate.type.descriptor.sql.BasicBinder:64] binding parameter [2] as [VARCHAR] - [Bring weapons]
17 lis 2022 11:52:07 [TRACE] [org.hibernate.type.descriptor.sql.BasicBinder:64] binding parameter [1] as [VARCHAR] - [Create a soup from ingredients.]
17 lis 2022 11:52:07 [TRACE] [org.hibernate.type.descriptor.sql.BasicBinder:64] binding parameter [2] as [VARCHAR] - [Make soup]
17 lis 2022 11:52:07 [TRACE] [org.hibernate.type.descriptor.sql.BasicBinder:64] binding parameter [1] as [VARCHAR] - [First journey to Wenus from Earth.]
17 lis 2022 11:52:07 [TRACE] [org.hibernate.type.descriptor.sql.BasicBinder:64] binding parameter [2] as [VARCHAR] - [Wenus]
17 lis 2022 11:52:07 [TRACE] [org.hibernate.type.descriptor.sql.BasicBinder:64] binding parameter [1] as [INTEGER] - [2000]
17 lis 2022 11:52:07 [TRACE] [org.hibernate.type.descriptor.sql.BasicBinder:64] binding parameter [2] as [VARCHAR] - [Kolo1]
17 lis 2022 11:52:07 [TRACE] [org.hibernate.type.descriptor.sql.BasicBinder:64] binding parameter [3] as [INTEGER] - [10]
17 lis 2022 11:52:07 [TRACE] [org.hibernate.type.descriptor.sql.BasicBinder:64] binding parameter [4] as [INTEGER] - [1998]
17 lis 2022 11:52:07 [TRACE] [org.hibernate.type.descriptor.sql.BasicBinder:64] binding parameter [1] as [INTEGER] - [2500]
17 lis 2022 11:52:07 [TRACE] [org.hibernate.type.descriptor.sql.BasicBinder:64] binding parameter [2] as [VARCHAR] - [Kolo2]
17 lis 2022 11:52:07 [TRACE] [org.hibernate.type.descriptor.sql.BasicBinder:64] binding parameter [3] as [INTEGER] - [12]
17 lis 2022 11:52:07 [TRACE] [org.hibernate.type.descriptor.sql.BasicBinder:64] binding parameter [4] as [INTEGER] - [1999]
17 lis 2022 11:52:07 [TRACE] [org.hibernate.type.descriptor.sql.BasicBinder:64] binding parameter [1] as [INTEGER] - [2]
17 lis 2022 11:52:07 [TRACE] [org.hibernate.type.descriptor.sql.BasicBinder:64] binding parameter [2] as [INTEGER] - [1]
17 lis 2022 11:52:07 [TRACE] [org.hibernate.type.descriptor.sql.BasicBinder:64] binding parameter [1] as [INTEGER] - [2]
17 lis 2022 11:52:07 [TRACE] [org.hibernate.type.descriptor.sql.BasicBinder:64] binding parameter [2] as [INTEGER] - [2]
17 lis 2022 11:52:07 [TRACE] [org.hibernate.type.descriptor.sql.BasicBinder:64] binding parameter [1] as [INTEGER] - [3]
17 lis 2022 11:52:07 [TRACE] [org.hibernate.type.descriptor.sql.BasicBinder:64] binding parameter [2] as [INTEGER] - [1]
17 lis 2022 11:52:07 [TRACE] [org.hibernate.type.descriptor.sql.BasicBinder:64] binding parameter [1] as [INTEGER] - [3]
17 lis 2022 11:52:07 [TRACE] [org.hibernate.type.descriptor.sql.BasicBinder:64] binding parameter [2] as [INTEGER] - [2]
17 lis 2022 11:52:07 [TRACE] [org.hibernate.type.descriptor.sql.BasicBinder:64] binding parameter [1] as [INTEGER] - [4]
17 lis 2022 11:52:07 [TRACE] [org.hibernate.type.descriptor.sql.BasicBinder:64] binding parameter [2] as [INTEGER] - [1]
17 lis 2022 11:52:07 [TRACE] [org.hibernate.type.descriptor.sql.BasicBinder:64] binding parameter [1] as [INTEGER] - [4]
17 lis 2022 11:52:07 [TRACE] [org.hibernate.type.descriptor.sql.BasicBinder:64] binding parameter [2] as [INTEGER] - [2]
